<?xml version="1.0" encoding="UTF-8"?>
<!-- Generated by org.testng.reporters.JUnitReportReporter -->
<testsuite hostname="PRINHYLTPAP0894.local" name="documentexplorer.OmniusAssignment.CollectionsTest" tests="6" failures="0" timestamp="30 Sep 2019 08:06:21 GMT" time="130.541" errors="0">
  <testcase name="validateTotalResultsDisplayed" time="5.424" classname="documentexplorer.OmniusAssignment.CollectionsTest"/>
  <testcase name="checkIfUserAbleToCreateCollection" time="11.203" classname="documentexplorer.OmniusAssignment.CollectionsTest"/>
  <testcase name="validateIfDocumentsSectionDisplayed" time="75.902" classname="documentexplorer.OmniusAssignment.CollectionsTest"/>
  <testcase name="checkCollectionCreationWithDuplicateName" time="6.157" classname="documentexplorer.OmniusAssignment.CollectionsTest"/>
  <testcase name="checkSortingOnNameColumn" time="21.118" classname="documentexplorer.OmniusAssignment.CollectionsTest"/>
  <testcase name="checkCollectionSearchFunctionality" time="10.737" classname="documentexplorer.OmniusAssignment.CollectionsTest"/>
</testsuite> <!-- documentexplorer.OmniusAssignment.CollectionsTest -->
