<?xml version="1.0" encoding="UTF-8"?>
<!-- Generated by org.testng.reporters.JUnitReportReporter -->
<testsuite hostname="PRINHYLTPAP0894.local" name="documentexplorer.OmniusAssignment.LoginTest" tests="3" failures="0" timestamp="30 Sep 2019 08:06:21 GMT" time="17.485" errors="0">
  <testcase name="verifyLoginWithValidCredentials" time="5.911" classname="documentexplorer.OmniusAssignment.LoginTest"/>
  <testcase name="verifyLoginWithEmptyCredentials" time="1.371" classname="documentexplorer.OmniusAssignment.LoginTest"/>
  <testcase name="verifyLoginWithInvalidCredentials" time="10.203" classname="documentexplorer.OmniusAssignment.LoginTest"/>
</testsuite> <!-- documentexplorer.OmniusAssignment.LoginTest -->
