<?xml version="1.0" encoding="UTF-8"?>
<!-- Generated by org.testng.reporters.JUnitReportReporter -->
<testsuite hostname="PRINHYLTPAP0894.local" name="documentexplorer.OmniusAssignment.LoginTest" tests="3" failures="0" timestamp="30 Sep 2019 02:44:49 GMT" time="12.461" errors="0">
  <testcase name="verifyLoginWithValidCredentials" time="5.500" classname="documentexplorer.OmniusAssignment.LoginTest"/>
  <testcase name="verifyLoginWithInvalidCredentials" time="5.784" classname="documentexplorer.OmniusAssignment.LoginTest"/>
  <testcase name="verifyLoginWithEmptyCredentials" time="1.177" classname="documentexplorer.OmniusAssignment.LoginTest"/>
</testsuite> <!-- documentexplorer.OmniusAssignment.LoginTest -->
