<?xml version="1.0" encoding="UTF-8"?>
<!-- Generated by org.testng.reporters.JUnitReportReporter -->
<testsuite hostname="PRINHYLTPAP0894.local" name="documentexplorer.OmniusAssignment.LoginTest" tests="3" failures="0" timestamp="30 Sep 2019 10:00:37 GMT" time="13.993" errors="0">
  <testcase name="verifyLoginWithValidCredentials" time="5.517" classname="documentexplorer.OmniusAssignment.LoginTest"/>
  <testcase name="verifyLoginWithEmptyCredentials" time="1.163" classname="documentexplorer.OmniusAssignment.LoginTest"/>
  <testcase name="verifyLoginWithInvalidCredentials" time="7.313" classname="documentexplorer.OmniusAssignment.LoginTest"/>
</testsuite> <!-- documentexplorer.OmniusAssignment.LoginTest -->
