<?xml version="1.0" encoding="UTF-8"?>
<!-- Generated by org.testng.reporters.JUnitReportReporter -->
<testsuite hostname="PRINHYLTPAP0894.local" name="documentexplorer.OmniusAssignment.CollectionsTest" tests="6" failures="0" timestamp="30 Sep 2019 10:00:37 GMT" time="60.574" errors="0">
  <testcase name="checkCollectionCreationWithDuplicateName" time="6.111" classname="documentexplorer.OmniusAssignment.CollectionsTest"/>
  <testcase name="checkSortingOnNameColumn" time="21.125" classname="documentexplorer.OmniusAssignment.CollectionsTest"/>
  <testcase name="validateIfDocumentsSectionDisplayed" time="6.148" classname="documentexplorer.OmniusAssignment.CollectionsTest"/>
  <testcase name="checkIfUserAbleToCreateCollection" time="11.088" classname="documentexplorer.OmniusAssignment.CollectionsTest"/>
  <testcase name="checkCollectionSearchFunctionality" time="10.745" classname="documentexplorer.OmniusAssignment.CollectionsTest"/>
  <testcase name="validateTotalResultsDisplayed" time="5.357" classname="documentexplorer.OmniusAssignment.CollectionsTest"/>
</testsuite> <!-- documentexplorer.OmniusAssignment.CollectionsTest -->
